<?xml version="1.0" encoding="UTF-8"?>
<!-- Generated by org.testng.reporters.JUnitXMLReporter -->
<testsuite ignored="3" hostname="DESKTOP-G1OT4DA" failures="0" tests="1" name="Test case" time="0.034" errors="0" timestamp="2025-06-09T09:58:25 BRT">
  <testcase classname="section16_testng.Main" name="testeComParametros" time="0.003"/>
  <testcase classname="section16_testng.Main" name="teste2" time="0.0">
    <ignored/>
  </testcase> <!-- teste2 -->
  <testcase classname="section16_testng.Main" name="teste1" time="0.0">
    <ignored/>
  </testcase> <!-- teste1 -->
  <testcase classname="section16_testng.Main" name="testeComDataProvider" time="0.0">
    <ignored/>
  </testcase> <!-- testeComDataProvider -->
</testsuite> <!-- Test case -->
