<?xml version="1.0" encoding="UTF-8"?>
<testng-results ignored="3" total="4" passed="1" failed="0" skipped="0">
  <reporter-output>
  </reporter-output>
  <suite started-at="2025-06-09T09:58:25 BRT" name="All Test Suite" finished-at="2025-06-09T09:58:25 BRT" duration-ms="34">
    <groups>
    </groups>
    <test started-at="2025-06-09T09:58:25 BRT" name="Test case" finished-at="2025-06-09T09:58:25 BRT" duration-ms="34">
      <class name="section16_testng.Main">
        <test-method is-config="true" signature="antesDaSuite()[pri:0, instance:section16_testng.Main@1677d1]" started-at="2025-06-09T09:58:25 BRT" name="antesDaSuite" finished-at="2025-06-09T09:58:25 BRT" duration-ms="9" status="PASS">
          <reporter-output>
          </reporter-output>
        </test-method> <!-- antesDaSuite -->
        <test-method is-config="true" signature="antesDoTeste()[pri:0, instance:section16_testng.Main@1677d1]" started-at="2025-06-09T09:58:25 BRT" name="antesDoTeste" finished-at="2025-06-09T09:58:25 BRT" duration-ms="1" status="PASS">
          <reporter-output>
          </reporter-output>
        </test-method> <!-- antesDoTeste -->
        <test-method is-config="true" signature="antesDaClasse()[pri:0, instance:section16_testng.Main@1677d1]" started-at="2025-06-09T09:58:25 BRT" name="antesDaClasse" finished-at="2025-06-09T09:58:25 BRT" duration-ms="0" status="PASS">
          <reporter-output>
          </reporter-output>
        </test-method> <!-- antesDaClasse -->
        <test-method is-config="true" signature="antesDeCadaMetodo()[pri:0, instance:section16_testng.Main@1677d1]" started-at="2025-06-09T09:58:25 BRT" name="antesDeCadaMetodo" finished-at="2025-06-09T09:58:25 BRT" duration-ms="1" status="PASS">
          <reporter-output>
          </reporter-output>
        </test-method> <!-- antesDeCadaMetodo -->
        <test-method signature="testeComParametros(java.lang.String,java.lang.String)[pri:0, instance:section16_testng.Main@1677d1]" started-at="2025-06-09T09:58:25 BRT" name="testeComParametros" finished-at="2025-06-09T09:58:25 BRT" duration-ms="3" status="PASS">
          <params>
            <param index="0">
              <value>
                <![CDATA[chrome]]>
              </value>
            </param>
            <param index="1">
              <value>
                <![CDATA[https://meusite.com]]>
              </value>
            </param>
          </params>
          <reporter-output>
          </reporter-output>
        </test-method> <!-- testeComParametros -->
      </class> <!-- section16_testng.Main -->
    </test> <!-- Test case -->
  </suite> <!-- All Test Suite -->
</testng-results>
